<?xml version="1.0" encoding="UTF-8"?>
<!-- Generated by org.testng.reporters.JUnitXMLReporter -->
<testsuite ignored="2" hostname="Santosh-Sharma" failures="0" tests="3" name="Car Loan" time="0.051" errors="0" timestamp="2022-05-27T10:53:30 IST">
  <testcase classname="test.Day4" name="MobileloginCarLoan" time="0.006"/>
  <testcase classname="test.Day4" name="MobilelogoutCarLoan" time="0.004"/>
  <testcase classname="test.Day4" name="WebloginCarLoan" time="0.001"/>
  <testcase classname="test.Day4" name="LoginAPICarLoan" time="0.0">
    <ignored/>
  </testcase> <!-- LoginAPICarLoan -->
  <testcase classname="test.Day4" name="MobilesigninCarLoan" time="0.0">
    <ignored/>
  </testcase> <!-- MobilesigninCarLoan -->
</testsuite> <!-- Car Loan -->
