<?xml version="1.0" encoding="UTF-8"?>
<!-- Generated by org.testng.reporters.JUnitXMLReporter -->
<testsuite ignored="1" hostname="Santosh-Sharma" failures="0" tests="5" name="personal Loan" time="0.051" errors="0" timestamp="2022-05-27T10:53:30 IST">
  <testcase classname="test.Day2" name="Demo" time="0.009"/>
  <testcase classname="test.Day3" name="ploan" time="0.001"/>
  <testcase classname="test.Day5" name="LoginAPIHomeLoan" time="0.001"/>
  <testcase classname="test.Day5" name="MobileloginHomeLoan" time="0.001"/>
  <testcase classname="test.Day5" name="WebloginHomeLoan" time="0.001"/>
  <testcase classname="test.Day2" name="Secondtest" time="0.0">
    <ignored/>
  </testcase> <!-- Secondtest -->
</testsuite> <!-- personal Loan -->
