<?xml version="1.0" encoding="UTF-8"?>
<!-- Generated by org.testng.reporters.JUnitXMLReporter -->
<testsuite ignored="8" hostname="Santosh-Sharma" failures="0" tests="3" name="Regression" time="0.039" errors="0" timestamp="2022-05-27T12:17:56 IST">
  <testcase classname="test.Day3" name="ploan" time="0.005"/>
  <testcase classname="test.Day4" name="MobileloginCarLoan" time="0.001"/>
  <testcase classname="test.Day5" name="LoginAPIHomeLoan" time="0.0"/>
  <testcase classname="test.Day2" name="Demo" time="0.0">
    <ignored/>
  </testcase> <!-- Demo -->
  <testcase classname="test.Day4" name="LoginAPICarLoan" time="0.0">
    <ignored/>
  </testcase> <!-- LoginAPICarLoan -->
  <testcase classname="test.Day5" name="MobileloginHomeLoan" time="0.0">
    <ignored/>
  </testcase> <!-- MobileloginHomeLoan -->
  <testcase classname="test.Day2" name="Secondtest" time="0.0">
    <ignored/>
  </testcase> <!-- Secondtest -->
  <testcase classname="test.Day4" name="MobilelogoutCarLoan" time="0.0">
    <ignored/>
  </testcase> <!-- MobilelogoutCarLoan -->
  <testcase classname="test.Day4" name="WebloginCarLoan" time="0.0">
    <ignored/>
  </testcase> <!-- WebloginCarLoan -->
  <testcase classname="test.Day4" name="MobilesigninCarLoan" time="0.0">
    <ignored/>
  </testcase> <!-- MobilesigninCarLoan -->
  <testcase classname="test.Day5" name="WebloginHomeLoan" time="0.0">
    <ignored/>
  </testcase> <!-- WebloginHomeLoan -->
</testsuite> <!-- Regression -->
