<?xml version="1.0" encoding="UTF-8"?>
<!-- Generated by org.testng.reporters.JUnitXMLReporter -->
<testsuite ignored="0" hostname="Santosh-Sharma" failures="2" tests="3" name="my hub spot test chrome" time="10.484" errors="0" timestamp="2022-06-01T00:12:36 IST">
  <testcase classname="com.MyTests.LoginTest" name="verifyLoginPageTitleTest" time="0.024"/>
  <testcase classname="com.MyTests.LoginTest" name="LoginPageHeaderTest" time="0.206">
    <failure type="java.lang.NullPointerException" message="Cannot invoke &amp;quot;org.openqa.selenium.WebElement.getText()&amp;quot; because the return value of &amp;quot;com.mypages.BasePage.getElement(org.openqa.selenium.By)&amp;quot; is null">
      <![CDATA[java.lang.NullPointerException: Cannot invoke "org.openqa.selenium.WebElement.getText()" because the return value of "com.mypages.BasePage.getElement(org.openqa.selenium.By)" is null
at com.mypages.BasePage.getPageHeader(BasePage.java:22)
at com.mypages.LoginPage.getLoginPageHeader(LoginPage.java:44)
at com.MyTests.LoginTest.LoginPageHeaderTest(LoginTest.java:21)
at java.base/java.util.concurrent.ThreadPoolExecutor.runWorker(ThreadPoolExecutor.java:1136)
at java.base/java.util.concurrent.ThreadPoolExecutor$Worker.run(ThreadPoolExecutor.java:635)
at java.base/java.lang.Thread.run(Thread.java:833)
... Removed 12 stack frames]]>
    </failure>
  </testcase> <!-- LoginPageHeaderTest -->
  <testcase classname="com.MyTests.LoginTest" name="doLoginTest" time="0.616">
    <failure type="java.lang.NullPointerException" message="Cannot invoke &amp;quot;org.openqa.selenium.WebElement.click()&amp;quot; because the return value of &amp;quot;com.mypages.LoginPage.getLoginButton()&amp;quot; is null">
      <![CDATA[java.lang.NullPointerException: Cannot invoke "org.openqa.selenium.WebElement.click()" because the return value of "com.mypages.LoginPage.getLoginButton()" is null
at com.mypages.LoginPage.doLogin(LoginPage.java:50)
at com.MyTests.LoginTest.doLoginTest(LoginTest.java:28)
at java.base/java.util.concurrent.ThreadPoolExecutor.runWorker(ThreadPoolExecutor.java:1136)
at java.base/java.util.concurrent.ThreadPoolExecutor$Worker.run(ThreadPoolExecutor.java:635)
at java.base/java.lang.Thread.run(Thread.java:833)
... Removed 12 stack frames]]>
    </failure>
  </testcase> <!-- doLoginTest -->
</testsuite> <!-- my hub spot test chrome -->
