<?xml version="1.0" encoding="UTF-8"?>
<testng-results ignored="0" total="1" passed="1" failed="0" skipped="0">
  <reporter-output>
  </reporter-output>
  <suite started-at="2022-05-28T11:25:34 IST" name="Default suite" finished-at="2022-05-28T11:26:13 IST" duration-ms="39338">
    <groups>
    </groups>
    <test started-at="2022-05-28T11:25:34 IST" name="Default test" finished-at="2022-05-28T11:26:13 IST" duration-ms="39338">
      <class name="Testcases.LoginApplication">
        <test-method signature="Login()[pri:0, instance:Testcases.LoginApplication@4a7f959b]" started-at="2022-05-28T11:25:34 IST" name="Login" finished-at="2022-05-28T11:26:13 IST" duration-ms="39307" status="PASS">
          <reporter-output>
          </reporter-output>
        </test-method> <!-- Login -->
      </class> <!-- Testcases.LoginApplication -->
    </test> <!-- Default test -->
  </suite> <!-- Default suite -->
</testng-results>
