<?xml version="1.0" encoding="UTF-8"?>
<!-- Generated by org.testng.reporters.JUnitXMLReporter -->
<testsuite ignored="0" hostname="DESKTOP-59SJ842" failures="0" tests="4" name="Test" time="39.832" errors="0" timestamp="2021-12-19T23:47:42 IST">
  <testcase classname="Academy.ValidateNavigationBar" name="basePageNavigation" time="0.156"/>
  <testcase classname="Academy.ValidateTitle" name="basePageNavigation" time="0.065"/>
  <testcase classname="Academy.HomePage" name="basePageNavigation" time="7.736"/>
  <testcase classname="Academy.HomePage" name="basePageNavigation" time="7.43"/>
</testsuite> <!-- Test -->
