<?xml version="1.0" encoding="UTF-8"?>
<testng-results ignored="0" total="1" passed="1" failed="0" skipped="0">
  <reporter-output>
  </reporter-output>
  <suite started-at="2022-08-21T18:48:36 IST" name="Default suite" finished-at="2022-08-21T18:48:53 IST" duration-ms="16194">
    <groups>
    </groups>
    <test started-at="2022-08-21T18:48:36 IST" name="Default test" finished-at="2022-08-21T18:48:53 IST" duration-ms="16194">
      <class name="mytests.Demo">
        <test-method is-config="true" signature="setUp()[pri:0, instance:mytests.Demo@750e2b97]" started-at="2022-08-21T18:48:36 IST" name="setUp" finished-at="2022-08-21T18:48:49 IST" duration-ms="12543" status="PASS">
          <reporter-output>
          </reporter-output>
        </test-method> <!-- setUp -->
        <test-method signature="HomePageCheck()[pri:0, instance:mytests.Demo@750e2b97]" started-at="2022-08-21T18:48:49 IST" name="HomePageCheck" finished-at="2022-08-21T18:48:51 IST" duration-ms="2259" status="PASS">
          <reporter-output>
          </reporter-output>
        </test-method> <!-- HomePageCheck -->
        <test-method is-config="true" signature="tearDown()[pri:0, instance:mytests.Demo@750e2b97]" started-at="2022-08-21T18:48:51 IST" name="tearDown" finished-at="2022-08-21T18:48:53 IST" duration-ms="1336" status="PASS">
          <reporter-output>
          </reporter-output>
        </test-method> <!-- tearDown -->
      </class> <!-- mytests.Demo -->
    </test> <!-- Default test -->
  </suite> <!-- Default suite -->
</testng-results>
