<?xml version="1.0" encoding="UTF-8"?>
<testng-results skipped="0" failed="0" ignored="0" total="1" passed="1">
  <reporter-output>
  </reporter-output>
  <suite name="Default suite" duration-ms="12432" started-at="2022-03-06T16:38:48 IST" finished-at="2022-03-06T16:39:01 IST">
    <groups>
    </groups>
    <test name="Default test" duration-ms="12432" started-at="2022-03-06T16:38:48 IST" finished-at="2022-03-06T16:39:01 IST">
      <class name="rahulshettyacademy.ExtentReports.ExtentReportDemo">
        <test-method status="PASS" signature="config()[pri:0, instance:rahulshettyacademy.ExtentReports.ExtentReportDemo@cb0ed20]" name="config" is-config="true" duration-ms="415" started-at="2022-03-06T16:38:48 IST" finished-at="2022-03-06T16:38:49 IST">
          <reporter-output>
          </reporter-output>
        </test-method> <!-- config -->
        <test-method status="PASS" signature="initialDemo()[pri:0, instance:rahulshettyacademy.ExtentReports.ExtentReportDemo@cb0ed20]" name="initialDemo" duration-ms="11950" started-at="2022-03-06T16:38:49 IST" finished-at="2022-03-06T16:39:01 IST">
          <reporter-output>
          </reporter-output>
        </test-method> <!-- initialDemo -->
      </class> <!-- rahulshettyacademy.ExtentReports.ExtentReportDemo -->
    </test> <!-- Default test -->
  </suite> <!-- Default suite -->
</testng-results>
