<?xml version="1.0" encoding="UTF-8"?>
<testng-results ignored="0" total="5" passed="5" failed="0" skipped="0">
  <reporter-output>
  </reporter-output>
  <suite started-at="2022-06-22T12:27:32 IST" name="Suite" finished-at="2022-06-22T12:28:22 IST" duration-ms="50196">
    <groups>
    </groups>
    <test started-at="2022-06-22T12:27:32 IST" name="Validating title in the page" finished-at="2022-06-22T12:27:54 IST" duration-ms="21587">
      <class name="Academy.ValidateTitle">
        <test-method is-config="true" signature="initialize()[pri:0, instance:Academy.ValidateTitle@7813cb11]" started-at="2022-06-22T12:27:32 IST" name="initialize" finished-at="2022-06-22T12:27:53 IST" duration-ms="21416" status="PASS">
          <reporter-output>
          </reporter-output>
        </test-method> <!-- initialize -->
        <test-method signature="basePageNavigation()[pri:0, instance:Academy.ValidateTitle@7813cb11]" started-at="2022-06-22T12:27:53 IST" name="basePageNavigation" finished-at="2022-06-22T12:27:53 IST" duration-ms="39" status="PASS">
          <reporter-output>
          </reporter-output>
        </test-method> <!-- basePageNavigation -->
        <test-method signature="validateHeader()[pri:0, instance:Academy.ValidateTitle@7813cb11]" started-at="2022-06-22T12:27:53 IST" name="validateHeader" finished-at="2022-06-22T12:27:53 IST" duration-ms="33" status="PASS">
          <reporter-output>
          </reporter-output>
        </test-method> <!-- validateHeader -->
        <test-method is-config="true" signature="teardown()[pri:0, instance:Academy.ValidateTitle@7813cb11]" started-at="2022-06-22T12:27:53 IST" name="teardown" finished-at="2022-06-22T12:27:54 IST" duration-ms="85" status="PASS">
          <reporter-output>
          </reporter-output>
        </test-method> <!-- teardown -->
      </class> <!-- Academy.ValidateTitle -->
    </test> <!-- Validating title in the page -->
    <test started-at="2022-06-22T12:27:32 IST" name="Validating Navigation Bar" finished-at="2022-06-22T12:27:55 IST" duration-ms="23086">
      <class name="Academy.ValidateNavigationBar">
        <test-method is-config="true" signature="initialize()[pri:0, instance:Academy.ValidateNavigationBar@39dcf4b0]" started-at="2022-06-22T12:27:32 IST" name="initialize" finished-at="2022-06-22T12:27:55 IST" duration-ms="22913" status="PASS">
          <reporter-output>
          </reporter-output>
        </test-method> <!-- initialize -->
        <test-method signature="basePageNavigation()[pri:0, instance:Academy.ValidateNavigationBar@39dcf4b0]" started-at="2022-06-22T12:27:55 IST" name="basePageNavigation" finished-at="2022-06-22T12:27:55 IST" duration-ms="49" status="PASS">
          <reporter-output>
          </reporter-output>
        </test-method> <!-- basePageNavigation -->
        <test-method is-config="true" signature="teardown()[pri:0, instance:Academy.ValidateNavigationBar@39dcf4b0]" started-at="2022-06-22T12:27:55 IST" name="teardown" finished-at="2022-06-22T12:27:55 IST" duration-ms="117" status="PASS">
          <reporter-output>
          </reporter-output>
        </test-method> <!-- teardown -->
      </class> <!-- Academy.ValidateNavigationBar -->
    </test> <!-- Validating Navigation Bar -->
    <test started-at="2022-06-22T12:27:32 IST" name="Validating username" finished-at="2022-06-22T12:28:22 IST" duration-ms="50196">
      <class name="Academy.HomePage">
        <test-method is-config="true" signature="initialize()[pri:0, instance:Academy.HomePage@6e16b8b5]" started-at="2022-06-22T12:27:32 IST" name="initialize" finished-at="2022-06-22T12:27:35 IST" duration-ms="2707" status="PASS">
          <reporter-output>
          </reporter-output>
        </test-method> <!-- initialize -->
        <test-method signature="basePageNavigation(java.lang.String,java.lang.String,java.lang.String)[pri:0, instance:Academy.HomePage@6e16b8b5]" started-at="2022-06-22T12:27:35 IST" name="basePageNavigation" data-provider="getData" finished-at="2022-06-22T12:28:04 IST" duration-ms="29534" status="PASS">
          <params>
            <param index="0">
              <value>
                <![CDATA[nonrestricteduser@gmail.com]]>
              </value>
            </param>
            <param index="1">
              <value>
                <![CDATA[123456]]>
              </value>
            </param>
            <param index="2">
              <value>
                <![CDATA[Restricted User]]>
              </value>
            </param>
          </params>
          <reporter-output>
          </reporter-output>
        </test-method> <!-- basePageNavigation -->
        <test-method signature="basePageNavigation(java.lang.String,java.lang.String,java.lang.String)[pri:0, instance:Academy.HomePage@6e16b8b5]" started-at="2022-06-22T12:28:04 IST" name="basePageNavigation" data-provider="getData" finished-at="2022-06-22T12:28:22 IST" duration-ms="17742" status="PASS">
          <params>
            <param index="0">
              <value>
                <![CDATA[restricteduser@gmail.com]]>
              </value>
            </param>
            <param index="1">
              <value>
                <![CDATA[456788]]>
              </value>
            </param>
            <param index="2">
              <value>
                <![CDATA[Non restricted user]]>
              </value>
            </param>
          </params>
          <reporter-output>
          </reporter-output>
        </test-method> <!-- basePageNavigation -->
        <test-method is-config="true" signature="teardown()[pri:0, instance:Academy.HomePage@6e16b8b5]" started-at="2022-06-22T12:28:22 IST" name="teardown" finished-at="2022-06-22T12:28:22 IST" duration-ms="113" status="PASS">
          <reporter-output>
          </reporter-output>
        </test-method> <!-- teardown -->
      </class> <!-- Academy.HomePage -->
    </test> <!-- Validating username -->
  </suite> <!-- Suite -->
</testng-results>
