<?xml version="1.0" encoding="UTF-8"?>
<!-- Generated by org.testng.reporters.JUnitXMLReporter -->
<testsuite ignored="0" hostname="Santosh-Sharma" failures="1" tests="1" name="Default test(failed)" time="0.036" errors="0" timestamp="2022-06-07T11:59:35 IST">
  <testcase classname="test.ParameterTest" name="yahooLoginTest" time="0.0">
    <failure type="org.testng.TestNGException" message="
Parameter &amp;apos;url&amp;apos; is required by @Test on method yahooLoginTest but has not been marked @Optional or defined
in C:\Users\santo\eclipse-workspace\TestNGTutorial\test-output\testng-failed.xml">
      <![CDATA[org.testng.TestNGException: 
Parameter 'url' is required by @Test on method yahooLoginTest but has not been marked @Optional or defined
in C:\Users\santo\eclipse-workspace\TestNGTutorial\test-output\testng-failed.xml
at java.base/java.util.ArrayList.forEach(ArrayList.java:1511)
... Removed 26 stack frames]]>
    </failure>
  </testcase> <!-- yahooLoginTest -->
</testsuite> <!-- Default test(failed) -->
