<?xml version="1.0" encoding="UTF-8"?>
<testng-results ignored="0" total="2" passed="2" failed="0" skipped="0">
  <reporter-output>
  </reporter-output>
  <suite started-at="2022-05-28T11:29:10 IST" name="Default suite" finished-at="2022-05-28T11:29:10 IST" duration-ms="37">
    <groups>
    </groups>
    <test started-at="2022-05-28T11:29:10 IST" name="Default test" finished-at="2022-05-28T11:29:10 IST" duration-ms="37">
      <class name="qaclickacademy.Mavenjava.SeleniumTest">
        <test-method signature="BrowserAUtomation()[pri:0, instance:qaclickacademy.Mavenjava.SeleniumTest@1af2d44a]" started-at="2022-05-28T11:29:10 IST" name="BrowserAUtomation" finished-at="2022-05-28T11:29:10 IST" duration-ms="5" status="PASS">
          <reporter-output>
          </reporter-output>
        </test-method> <!-- BrowserAUtomation -->
        <test-method signature="elementsUi()[pri:0, instance:qaclickacademy.Mavenjava.SeleniumTest@1af2d44a]" started-at="2022-05-28T11:29:10 IST" name="elementsUi" finished-at="2022-05-28T11:29:10 IST" duration-ms="1" status="PASS">
          <reporter-output>
          </reporter-output>
        </test-method> <!-- elementsUi -->
      </class> <!-- qaclickacademy.Mavenjava.SeleniumTest -->
    </test> <!-- Default test -->
  </suite> <!-- Default suite -->
</testng-results>
