<?xml version="1.0" encoding="UTF-8"?>
<testng-results ignored="0" total="2" passed="2" failed="0" skipped="0">
  <reporter-output>
  </reporter-output>
  <suite started-at="2022-08-18T22:30:07 IST" name="Suite" finished-at="2022-08-18T22:30:16 IST" duration-ms="9238">
    <groups>
    </groups>
    <test started-at="2022-08-18T22:30:07 IST" name="Test" finished-at="2022-08-18T22:30:16 IST" duration-ms="9238">
      <class name="test.GoogleTest">
        <test-method signature="HomePageCheck()[pri:0, instance:test.GoogleTest@4229bb3f]" started-at="2022-08-18T22:30:07 IST" name="HomePageCheck" finished-at="2022-08-18T22:30:14 IST" duration-ms="6613" status="PASS">
          <reporter-output>
          </reporter-output>
        </test-method> <!-- HomePageCheck -->
      </class> <!-- test.GoogleTest -->
      <class name="test.RSATest">
        <test-method signature="HomePageCheck()[pri:0, instance:test.RSATest@581ac8a8]" started-at="2022-08-18T22:30:07 IST" name="HomePageCheck" finished-at="2022-08-18T22:30:16 IST" duration-ms="9196" status="PASS">
          <reporter-output>
          </reporter-output>
        </test-method> <!-- HomePageCheck -->
      </class> <!-- test.RSATest -->
    </test> <!-- Test -->
  </suite> <!-- Suite -->
</testng-results>
